<?xml version="1.0" encoding="UTF-8"?>
<testng-results skipped="0" failed="0" ignored="0" total="0" passed="0">
  <reporter-output>
  </reporter-output>
  <suite name="Suite" duration-ms="18" started-at="2021-09-08T17:20:45 IST" finished-at="2021-09-08T17:20:45 IST">
    <groups>
    </groups>
    <test name="validating user login" duration-ms="18" started-at="2021-09-08T17:20:45 IST" finished-at="2021-09-08T17:20:45 IST">
    </test> <!-- validating user login -->
  </suite> <!-- Suite -->
</testng-results>
